INFO  2019-06-16 11:06:13,655 17226ms Mainframe              Register           - New user has registered - Roni
INFO  2019-06-16 11:06:23,642 27213ms Mainframe              Login              - Login successfull - Roni
INFO  2019-06-16 11:06:27,246 30817ms Mainframe              AddBoard           - New Board - 
INFO  2019-06-16 11:06:30,386 33957ms Mainframe              RemoveBoard        - Board removed - 
INFO  2019-06-16 11:06:37,007 40578ms Mainframe              AddBoard           - New Board - Home
INFO  2019-06-16 11:06:43,869 47440ms Mainframe              AddBoard           - New Board - Work
INFO  2019-06-16 11:06:52,375 55946ms Mainframe              AddBoard           - New Board - Beach
INFO  2019-06-16 11:07:13,087 76658ms Mainframe              AddTask            - Task successfully added - 0000000001
ERROR 2019-06-16 11:07:13,340 76911ms Mainframe              AddTask            - Task was created but wasn't added to Backlog column
INFO  2019-06-16 11:07:46,478 110049ms Mainframe              AddTask            - Task successfully added - 0000000002
ERROR 2019-06-16 11:07:46,713 110284ms Mainframe              AddTask            - Task was created but wasn't added to Backlog column
INFO  2019-06-16 11:08:03,801 127372ms Mainframe              AddTask            - Task successfully added - 0000000003
ERROR 2019-06-16 11:08:03,968 127539ms Mainframe              AddTask            - Task was created but wasn't added to Backlog column
INFO  2019-06-16 11:08:23,803 147374ms Mainframe              PushTask           - Task pushed successfully
ERROR 2019-06-16 11:08:24,082 147653ms Mainframe              PushTask           - task pushed but isn't on the next column (potential remove)
INFO  2019-06-16 11:08:52,718 176289ms Mainframe              ChangeDescription  - Changing description attempt successfull
ERROR 2019-06-16 11:08:52,893 176464ms Mainframe              ChangeDescription  - description has been set but hasn't changed
INFO  2019-06-16 11:09:13,958 197529ms Mainframe              MoveColumn         - Column has been moved - Backlog
ERROR 2019-06-16 11:09:13,983 197554ms Mainframe              MoveColumn         - A column moved but isn't on the board
INFO  2019-06-16 11:09:28,893 212464ms Mainframe              LimitColumnTasks   - Limiting tasks successfully changed
INFO  2019-06-16 11:09:39,959 223530ms Mainframe              AddColumn          - New column - Test
INFO  2019-06-16 11:10:08,753 252324ms Mainframe              AddTask            - Task successfully added - 0000000004
ERROR 2019-06-16 11:10:08,935 252506ms Mainframe              AddTask            - Task was created but wasn't added to Backlog column
INFO  2019-06-16 11:10:22,333 265904ms Mainframe              RemoveColumn       - Column has been deleted - InProgress
INFO  2019-06-16 11:10:40,953 284524ms Mainframe              ChangeTitle        - Changing title attempt successfull
INFO  2019-06-16 11:10:49,745 293316ms Mainframe              Logout             - Logout successfull - Roni
INFO  2019-06-16 11:10:58,969 302540ms Mainframe              Login              - Login successfull - Roni
INFO  2019-06-16 11:13:36,388 459959ms Mainframe              Logout             - Logout successfull - Roni
INFO  2019-06-16 11:32:05,058 15448ms Mainframe              Login              - Login successfull - Roni
INFO  2019-06-16 11:32:10,910 21300ms Mainframe              AddBoard           - New Board - Home
INFO  2019-06-16 11:32:24,939 35329ms Mainframe              LimitColumnTasks   - Limiting tasks successfully changed
INFO  2019-06-16 11:33:17,078 87468ms Mainframe              RemoveColumn       - Column has been deleted - Done
INFO  2019-06-16 11:33:33,877 104267ms Mainframe              AddTask            - Task successfully added - 0000000001
ERROR 2019-06-16 11:33:34,092 104483ms Mainframe              AddTask            - Task was created but wasn't added to Backlog column
INFO  2019-06-16 11:33:41,208 111598ms Mainframe              Logout             - Logout successfull - Roni
INFO  2019-06-16 11:33:49,991 120381ms Mainframe              Login              - Login successfull - Roni
INFO  2019-06-16 11:37:16,369 10096ms Mainframe              Login              - Login successfull - Roni
INFO  2019-06-16 11:40:27,655 11356ms Mainframe              Login              - Login successfull - Roni
INFO  2019-06-16 11:40:41,370 25071ms Mainframe              Logout             - Logout successfull - Roni
INFO  2019-06-16 11:43:21,522 11433ms Mainframe              Login              - Login successfull - Roni
INFO  2019-06-16 11:43:44,844 34756ms Mainframe              Logout             - Logout successfull - Roni
INFO  2019-06-16 11:48:31,132 10984ms Mainframe              Login              - Login successfull - Roni
INFO  2019-06-16 11:48:40,895 20747ms Mainframe              Logout             - Logout successfull - Roni
